reading lines from file: 
finished reading lines from file: 
about to edit text...
    starting to get buffer
    finished getting buffer
    entering editing loop
        starting an editing iteration
        ending an editing iteration
        starting an editing iteration
        ending an editing iteration
        starting an editing iteration
        ending an editing iteration
        starting an editing iteration
        ending an editing iteration
        starting an editing iteration
        ending an editing iteration
        starting an editing iteration
        ending an editing iteration
        starting an editing iteration
        ending an editing iteration
        starting an editing iteration
        ending an editing iteration
        starting an editing iteration
        ending an editing iteration
        starting an editing iteration
        ending an editing iteration
        starting an editing iteration
        ending an editing iteration
        starting an editing iteration
        ending an editing iteration
        starting an editing iteration
        ending an editing iteration
        starting an editing iteration
        ending an editing iteration
        starting an editing iteration
        ending an editing iteration
        starting an editing iteration
        ending an editing iteration
        starting an editing iteration
        ending an editing iteration
        starting an editing iteration
        ending an editing iteration
        starting an editing iteration
        ending an editing iteration
        starting an editing iteration
        ending an editing iteration
        starting an editing iteration
        ending an editing iteration
        starting an editing iteration
            performing keystroke for 

            about to insert 

                performing insert for 

                    constructing a Changeset from top line of length 1
                        completed a Changeset construction loop iteration
                    entering editing loop...
                finished performing insert for 

            ending an editing iteration
            starting an editing iteration
            ending an editing iteration
            starting an editing iteration
            ending an editing iteration
            starting an editing iteration
            ending an editing iteration
            starting an editing iteration
                performing keystroke for 

                about to insert 

                    performing insert for 

                        constructing a Changeset from top line of length 2
                            completed a Changeset construction loop iteration
                        entering editing loop...
                    finished performing insert for 

                ending an editing iteration
                starting an editing iteration
                ending an editing iteration
                starting an editing iteration
                ending an editing iteration
                starting an editing iteration
                ending an editing iteration
                starting an editing iteration
                    performing keystroke for 

                    about to insert 

                        performing insert for 

                            constructing a Changeset from top line of length 3
                                completed a Changeset construction loop iteration
                            entering editing loop...
                        finished performing insert for 

                    ending an editing iteration
                    starting an editing iteration
                    ending an editing iteration
                    starting an editing iteration
                        performing keystroke for 

                        about to insert 

                            performing insert for 

                                constructing a Changeset from top line of length 4
                                    completed a Changeset construction loop iteration
                                entering editing loop...
                            finished performing insert for 

                        ending an editing iteration
                        starting an editing iteration
                            performing keystroke for 

                            about to insert 

                                performing insert for 

                                    constructing a Changeset from top line of length 5
                                        completed a Changeset construction loop iteration
                                    entering editing loop...
                                finished performing insert for 

                            ending an editing iteration
                            starting an editing iteration
                            ending an editing iteration
                            starting an editing iteration
                                performing keystroke for 

                                about to insert 

                                    performing insert for 

                                        constructing a Changeset from top line of length 6
                                            completed a Changeset construction loop iteration
                                        entering editing loop...
                                    finished performing insert for 

                                ending an editing iteration
                                starting an editing iteration
                                ending an editing iteration
                                starting an editing iteration
                                    performing keystroke for 

                                    about to insert 

                                        performing insert for 

                                            constructing a Changeset from top line of length 7
                                                completed a Changeset construction loop iteration
                                            entering editing loop...
                                        finished performing insert for 

                                    ending an editing iteration
                                    starting an editing iteration
                                    ending an editing iteration
                                    starting an editing iteration
                                    ending an editing iteration
                                    starting an editing iteration
                                        performing keystroke for 

                                        about to insert 

                                            performing insert for 

                                                constructing a Changeset from top line of length 8
                                                    completed a Changeset construction loop iteration
                                                entering editing loop...
                                            finished performing insert for 

                                        ending an editing iteration
                                        starting an editing iteration
                                        ending an editing iteration
                                        starting an editing iteration
                                            performing keystroke for 

                                            about to insert 

                                                performing insert for 

                                                    constructing a Changeset from top line of length 9
                                                        completed a Changeset construction loop iteration
                                                    entering editing loop...
                                                finished performing insert for 

                                            ending an editing iteration
                                            starting an editing iteration
                                            ending an editing iteration
                                            starting an editing iteration
                                                performing keystroke for 

                                                about to insert 

                                                    performing insert for 

                                                        constructing a Changeset from top line of length 10
                                                            completed a Changeset construction loop iteration
                                                        entering editing loop...
                                                    finished performing insert for 

                                                ending an editing iteration
                                                starting an editing iteration
                                                ending an editing iteration
                                                starting an editing iteration
                                                ending an editing iteration
                                                starting an editing iteration
